(0000) 3000  0011000000000000 (  14)                 .ORIG x3000
(3000) A21B  1010001000011011 (  15)                 LDI   R1 X
(3001) A41B  1010010000011011 (  16)                 LDI   R2 Y
(3002) 96BF  1001011010111111 (  19)                 NOT   R3 R2
(3003) 16E1  0001011011100001 (  20)                 ADD   R3 R3 #1
(3004) 1643  0001011001000011 (  21)                 ADD   R3 R1 R3
(3005) B618  1011011000011000 (  22)                 STI   R3 X_Y
(3006) 1860  0001100001100000 (  26)                 ADD   R4 R1 #0
(3007) 0602  0000011000000010 (  27)                 BRZP  ABSX
(3008) 993F  1001100100111111 (  28)                 NOT   R4 R4
(3009) 1921  0001100100100001 (  29)                 ADD   R4 R4 #1
(300A) B814  1011100000010100 (  30) ABSX            STI   R4 ABS_X
(300B) 1AA0  0001101010100000 (  34)                 ADD   R5 R2 #0
(300C) 0602  0000011000000010 (  35)                 BRZP  ABSY
(300D) 9B7F  1001101101111111 (  36)                 NOT   R5 R5
(300E) 1B61  0001101101100001 (  37)                 ADD   R5 R5 #1
(300F) BA10  1011101000010000 (  38) ABSY            STI   R5 ABS_Y
(3010) 9D7F  1001110101111111 (  42)                 NOT   R6 R5
(3011) 1DA1  0001110110100001 (  43)                 ADD   R6 R6 #1
(3012) 1D06  0001110100000110 (  44)                 ADD   R6 R4 R6
(3013) 0406  0000010000000110 (  46)                 BRZ   STORE
(3014) 0803  0000100000000011 (  47)                 BRN   NEG
(3015) 5DA0  0101110110100000 (  49)                 AND   R6 R6 #0
(3016) 1DA1  0001110110100001 (  50)                 ADD   R6 R6 #1
(3017) 0E02  0000111000000010 (  51)                 BRNZP STORE
(3018) 5DA0  0101110110100000 (  53) NEG             AND   R6 R6 #0
(3019) 1DA2  0001110110100010 (  54)                 ADD   R6 R6 #2
(301A) BC06  1011110000000110 (  55) STORE           STI   R6 Z
(301B) F025  1111000000100101 (  59)                 TRAP  x25
(301C) 3120  0011000100100000 (  60) X               .FILL x3120
(301D) 3121  0011000100100001 (  61) Y               .FILL x3121
(301E) 3122  0011000100100010 (  62) X_Y             .FILL x3122
(301F) 3123  0011000100100011 (  63) ABS_X           .FILL x3123
(3020) 3124  0011000100100100 (  64) ABS_Y           .FILL x3124
(3021) 3125  0011000100100101 (  65) Z               .FILL x3125
