(0000) 3000  0011000000000000 (  15)                 .ORIG x3000
(3000) 4871  0100100001110001 (  17)                 JSR   MONTH
(3001) B868  1011100001101000 (  18)                 STI   R4 M
(3002) 4876  0100100001110110 (  20)                 JSR   MULT
(3003) B667  1011011001100111 (  21)                 STI   R3 NEWM
(3004) 4885  0100100010000101 (  23)                 JSR   DIV1
(3005) BA66  1011101001100110 (  24)                 STI   R5 QUOTOFM
(3006) B66A  1011011001101010 (  25)                 STI   R3 R
(3007) 4893  0100100010010011 (  27)                 JSR   DIV2
(3008) BA64  1011101001100100 (  28)                 STI   R5 QUOTOFD
(3009) B667  1011011001100111 (  29)                 STI   R3 R
(300A) 48A1  0100100010100001 (  31)                 JSR   DIV3
(300B) BA62  1011101001100010 (  32)                 STI   R5 QUOTOFC
(300C) B664  1011011001100100 (  33)                 STI   R3 R
(300D) 48AF  0100100010101111 (  35)                 JSR   ZELLERS
(300E) BC60  1011110001100000 (  36)                 STI   R6 F
(300F) 48BC  0100100010111100 (  38)                 JSR   MODULEF
(3010) BA5F  1011101001011111 (  39)                 STI   R5 MODF
(3011) B65F  1011011001011111 (  40)                 STI   R3 R
(3012) A05E  1010000001011110 (  42)                 LDI   R0 R
(3013) 56E0  0101011011100000 (  44)                 AND   R3 R3 #0
(3014) 1620  0001011000100000 (  45)                 ADD   R3 R0 #0
(3015) 5920  0101100100100000 (  46)                 AND   R4 R4 #0
(3016) 18FA  0001100011111010 (  47)                 ADD   R4 R3 #-6
(3017) 0207  0000001000000111 (  48)                 BRP   INVALID
(3018) E007  1110000000000111 (  49)                 LEA   R0 DAYS
(3019) 16E0  0001011011100000 (  50)                 ADD   R3 R3 #0
(301A) 0403  0000010000000011 (  51) DLOOP           BRZ   DISPLAY
(301B) 102A  0001000000101010 (  52)                 ADD   R0 R0 #10
(301C) 16FF  0001011011111111 (  53)                 ADD   R3 R3 #-1
(301D) 0FFC  0000111111111100 (  54)                 BRNZP DLOOP
(301E) F022  1111000000100010 (  56) DISPLAY         TRAP  x22
(301F) F025  1111000000100101 (  61) INVALID         TRAP  x25
(3020) 0053  0000000001010011 (  63) DAYS            .FILL x0053
(3021) 0075  0000000001110101 (  63)                 .FILL x0075
(3022) 006E  0000000001101110 (  63)                 .FILL x006E
(3023) 0064  0000000001100100 (  63)                 .FILL x0064
(3024) 0061  0000000001100001 (  63)                 .FILL x0061
(3025) 0079  0000000001111001 (  63)                 .FILL x0079
(3026) 0020  0000000000100000 (  63)                 .FILL x0020
(3027) 0020  0000000000100000 (  63)                 .FILL x0020
(3028) 0020  0000000000100000 (  63)                 .FILL x0020
(3029) 0000  0000000000000000 (  63)                 .FILL x0000
(302A) 004D  0000000001001101 (  64)                 .FILL x004D
(302B) 006F  0000000001101111 (  64)                 .FILL x006F
(302C) 006E  0000000001101110 (  64)                 .FILL x006E
(302D) 0064  0000000001100100 (  64)                 .FILL x0064
(302E) 0061  0000000001100001 (  64)                 .FILL x0061
(302F) 0079  0000000001111001 (  64)                 .FILL x0079
(3030) 0020  0000000000100000 (  64)                 .FILL x0020
(3031) 0020  0000000000100000 (  64)                 .FILL x0020
(3032) 0020  0000000000100000 (  64)                 .FILL x0020
(3033) 0000  0000000000000000 (  64)                 .FILL x0000
(3034) 0054  0000000001010100 (  65)                 .FILL x0054
(3035) 0075  0000000001110101 (  65)                 .FILL x0075
(3036) 0065  0000000001100101 (  65)                 .FILL x0065
(3037) 0073  0000000001110011 (  65)                 .FILL x0073
(3038) 0064  0000000001100100 (  65)                 .FILL x0064
(3039) 0061  0000000001100001 (  65)                 .FILL x0061
(303A) 0079  0000000001111001 (  65)                 .FILL x0079
(303B) 0020  0000000000100000 (  65)                 .FILL x0020
(303C) 0020  0000000000100000 (  65)                 .FILL x0020
(303D) 0000  0000000000000000 (  65)                 .FILL x0000
(303E) 0057  0000000001010111 (  66)                 .FILL x0057
(303F) 0065  0000000001100101 (  66)                 .FILL x0065
(3040) 0064  0000000001100100 (  66)                 .FILL x0064
(3041) 006E  0000000001101110 (  66)                 .FILL x006E
(3042) 0065  0000000001100101 (  66)                 .FILL x0065
(3043) 0073  0000000001110011 (  66)                 .FILL x0073
(3044) 0064  0000000001100100 (  66)                 .FILL x0064
(3045) 0061  0000000001100001 (  66)                 .FILL x0061
(3046) 0079  0000000001111001 (  66)                 .FILL x0079
(3047) 0000  0000000000000000 (  66)                 .FILL x0000
(3048) 0054  0000000001010100 (  67)                 .FILL x0054
(3049) 0068  0000000001101000 (  67)                 .FILL x0068
(304A) 0075  0000000001110101 (  67)                 .FILL x0075
(304B) 0072  0000000001110010 (  67)                 .FILL x0072
(304C) 0073  0000000001110011 (  67)                 .FILL x0073
(304D) 0064  0000000001100100 (  67)                 .FILL x0064
(304E) 0061  0000000001100001 (  67)                 .FILL x0061
(304F) 0079  0000000001111001 (  67)                 .FILL x0079
(3050) 0020  0000000000100000 (  67)                 .FILL x0020
(3051) 0000  0000000000000000 (  67)                 .FILL x0000
(3052) 0046  0000000001000110 (  68)                 .FILL x0046
(3053) 0072  0000000001110010 (  68)                 .FILL x0072
(3054) 0069  0000000001101001 (  68)                 .FILL x0069
(3055) 0064  0000000001100100 (  68)                 .FILL x0064
(3056) 0061  0000000001100001 (  68)                 .FILL x0061
(3057) 0079  0000000001111001 (  68)                 .FILL x0079
(3058) 0020  0000000000100000 (  68)                 .FILL x0020
(3059) 0020  0000000000100000 (  68)                 .FILL x0020
(305A) 0020  0000000000100000 (  68)                 .FILL x0020
(305B) 0000  0000000000000000 (  68)                 .FILL x0000
(305C) 0053  0000000001010011 (  69)                 .FILL x0053
(305D) 0061  0000000001100001 (  69)                 .FILL x0061
(305E) 0074  0000000001110100 (  69)                 .FILL x0074
(305F) 0075  0000000001110101 (  69)                 .FILL x0075
(3060) 0072  0000000001110010 (  69)                 .FILL x0072
(3061) 0064  0000000001100100 (  69)                 .FILL x0064
(3062) 0061  0000000001100001 (  69)                 .FILL x0061
(3063) 0079  0000000001111001 (  69)                 .FILL x0079
(3064) 0020  0000000000100000 (  69)                 .FILL x0020
(3065) 0000  0000000000000000 (  69)                 .FILL x0000
(3066) 31F0  0011000111110000 (  76) X               .FILL x31F0
(3067) 31F1  0011000111110001 (  77) K               .FILL x31F1
(3068) 31F2  0011000111110010 (  78) C               .FILL x31F2
(3069) 31F3  0011000111110011 (  79) D               .FILL x31F3
(306A) 31F5  0011000111110101 (  81) M               .FILL x31F5
(306B) 31F6  0011000111110110 (  82) NEWM            .FILL x31F6
(306C) 3103  0011000100000011 (  83) QUOTOFM         .FILL x3103
(306D) 3104  0011000100000100 (  84) QUOTOFD         .FILL x3104
(306E) 3105  0011000100000101 (  85) QUOTOFC         .FILL x3105
(306F) 3106  0011000100000110 (  86) F               .FILL x3106
(3070) 3107  0011000100000111 (  87) MODF            .FILL x3107
(3071) 31F4  0011000111110100 (  88) R               .FILL x31F4
(3072) A3F3  1010001111110011 (  95) MONTH           LDI   R1 X
(3073) 1860  0001100001100000 (  96)                 ADD   R4 R1 #0
(3074) 193E  0001100100111110 (  97)                 ADD   R4 R4 #-2
(3075) 0C01  0000110000000001 (  98)                 BRNZ  GETM
(3076) C1C0  1100000111000000 (  99)                 RET   
(3077) 192C  0001100100101100 ( 100) GETM            ADD   R4 R4 #12
(3078) C1C0  1100000111000000 ( 101)                 RET   
(3079) 3A0E  0011101000001110 ( 108) MULT            ST    R5 SaveReg5
(307A) 3C0E  0011110000001110 ( 109)                 ST    R6 SaveReg6
(307B) A9EE  1010100111101110 ( 111)                 LDI   R4 M
(307C) 993F  1001100100111111 ( 112)                 NOT   R4 R4
(307D) 1921  0001100100100001 ( 113)                 ADD   R4 R4 #1
(307E) 1D44  0001110101000100 ( 115) LOOP            ADD   R6 R5 R4
(307F) 0603  0000011000000011 ( 116)                 BRZP  QUIT1
(3080) 1B61  0001101101100001 ( 117)                 ADD   R5 R5 #1
(3081) 16ED  0001011011101101 ( 118)                 ADD   R3 R3 #13
(3082) 0FFB  0000111111111011 ( 119)                 BRNZP LOOP
(3083) 16FF  0001011011111111 ( 120) QUIT1           ADD   R3 R3 #-1
(3084) C1C0  1100000111000000 ( 121)                 RET   
(3085) 2A02  0010101000000010 ( 123)                 LD    R5 SaveReg5
(3086) 2C02  0010110000000010 ( 124)                 LD    R6 SaveReg6
(3087) C1C0  1100000111000000 ( 125)                 RET   
(3088) 0000  0000000000000000 ( 126) SaveReg5        .FILL x0000
(3089) 0000  0000000000000000 ( 127) SaveReg6        .FILL x0000
(308A) A1E0  1010000111100000 ( 134) DIV1            LDI   R0 NEWM
(308B) 5260  0101001001100000 ( 135)                 AND   R1 R1 #0
(308C) 1265  0001001001100101 ( 136)                 ADD   R1 R1 #5
(308D) 1020  0001000000100000 ( 138)                 ADD   R0 R0 #0
(308E) 040B  0000010000001011 ( 139)                 BRZ   QUIT2
(308F) 1620  0001011000100000 ( 140)                 ADD   R3 R0 #0
(3090) 1860  0001100001100000 ( 141)                 ADD   R4 R1 #0
(3091) 993F  1001100100111111 ( 142)                 NOT   R4 R4
(3092) 1921  0001100100100001 ( 143)                 ADD   R4 R4 #1
(3093) 5B60  0101101101100000 ( 144)                 AND   R5 R5 #0
(3094) 1B61  0001101101100001 ( 146) LOOP2           ADD   R5 R5 #1
(3095) 16C4  0001011011000100 ( 147)                 ADD   R3 R3 R4
(3096) 03FD  0000001111111101 ( 148)                 BRP   LOOP2
(3097) 0402  0000010000000010 ( 149)                 BRZ   QUIT2
(3098) 16C1  0001011011000001 ( 150)                 ADD   R3 R3 R1
(3099) 1B7F  0001101101111111 ( 151)                 ADD   R5 R5 #-1
(309A) C1C0  1100000111000000 ( 152) QUIT2           RET   
(309B) A1CD  1010000111001101 ( 159) DIV2            LDI   R0 D
(309C) 5260  0101001001100000 ( 160)                 AND   R1 R1 #0
(309D) 1264  0001001001100100 ( 161)                 ADD   R1 R1 #4
(309E) 1020  0001000000100000 ( 164)                 ADD   R0 R0 #0
(309F) 040B  0000010000001011 ( 165)                 BRZ   QUIT3
(30A0) 1620  0001011000100000 ( 166)                 ADD   R3 R0 #0
(30A1) 1860  0001100001100000 ( 167)                 ADD   R4 R1 #0
(30A2) 993F  1001100100111111 ( 168)                 NOT   R4 R4
(30A3) 1921  0001100100100001 ( 169)                 ADD   R4 R4 #1
(30A4) 5B60  0101101101100000 ( 170)                 AND   R5 R5 #0
(30A5) 1B61  0001101101100001 ( 172) LOOP3           ADD   R5 R5 #1
(30A6) 16C4  0001011011000100 ( 173)                 ADD   R3 R3 R4
(30A7) 03FD  0000001111111101 ( 174)                 BRP   LOOP3
(30A8) 0402  0000010000000010 ( 175)                 BRZ   QUIT3
(30A9) 16C1  0001011011000001 ( 176)                 ADD   R3 R3 R1
(30AA) 1B7F  0001101101111111 ( 177)                 ADD   R5 R5 #-1
(30AB) C1C0  1100000111000000 ( 178) QUIT3           RET   
(30AC) A1BB  1010000110111011 ( 185) DIV3            LDI   R0 C
(30AD) 5260  0101001001100000 ( 186)                 AND   R1 R1 #0
(30AE) 1264  0001001001100100 ( 187)                 ADD   R1 R1 #4
(30AF) 1020  0001000000100000 ( 190)                 ADD   R0 R0 #0
(30B0) 040B  0000010000001011 ( 191)                 BRZ   QUIT4
(30B1) 1620  0001011000100000 ( 192)                 ADD   R3 R0 #0
(30B2) 1860  0001100001100000 ( 193)                 ADD   R4 R1 #0
(30B3) 993F  1001100100111111 ( 194)                 NOT   R4 R4
(30B4) 1921  0001100100100001 ( 195)                 ADD   R4 R4 #1
(30B5) 5B60  0101101101100000 ( 196)                 AND   R5 R5 #0
(30B6) 1B61  0001101101100001 ( 198) LOOP4           ADD   R5 R5 #1
(30B7) 16C4  0001011011000100 ( 199)                 ADD   R3 R3 R4
(30B8) 03FD  0000001111111101 ( 200)                 BRP   LOOP4
(30B9) 0402  0000010000000010 ( 201)                 BRZ   QUIT4
(30BA) 16C1  0001011011000001 ( 202)                 ADD   R3 R3 R1
(30BB) 1B7F  0001101101111111 ( 203)                 ADD   R5 R5 #-1
(30BC) C1C0  1100000111000000 ( 204) QUIT4           RET   
(30BD) A1A9  1010000110101001 ( 208) ZELLERS         LDI   R0 K
(30BE) A3AD  1010001110101101 ( 209)                 LDI   R1 QUOTOFM
(30BF) A5A9  1010010110101001 ( 210)                 LDI   R2 D
(30C0) A7AC  1010011110101100 ( 211)                 LDI   R3 QUOTOFD
(30C1) A9AC  1010100110101100 ( 212)                 LDI   R4 QUOTOFC
(30C2) ABA5  1010101110100101 ( 213)                 LDI   R5 C
(30C3) 1B45  0001101101000101 ( 215)                 ADD   R5 R5 R5
(30C4) 9B7F  1001101101111111 ( 216)                 NOT   R5 R5
(30C5) 1B61  0001101101100001 ( 217)                 ADD   R5 R5 #1
(30C6) 1C01  0001110000000001 ( 219)                 ADD   R6 R0 R1
(30C7) 1D82  0001110110000010 ( 220)                 ADD   R6 R6 R2
(30C8) 1D83  0001110110000011 ( 221)                 ADD   R6 R6 R3
(30C9) 1D84  0001110110000100 ( 222)                 ADD   R6 R6 R4
(30CA) 1D85  0001110110000101 ( 223)                 ADD   R6 R6 R5
(30CB) C1C0  1100000111000000 ( 224)                 RET   
(30CC) A1A2  1010000110100010 ( 228) MODULEF         LDI   R0 F
(30CD) 5260  0101001001100000 ( 229)                 AND   R1 R1 #0
(30CE) 1267  0001001001100111 ( 230)                 ADD   R1 R1 #7
(30CF) 1020  0001000000100000 ( 233)                 ADD   R0 R0 #0
(30D0) 040C  0000010000001100 ( 234)                 BRZ   QUIT5
(30D1) 080C  0000100000001100 ( 236)                 BRN   NEGF
(30D2) 1620  0001011000100000 ( 238)                 ADD   R3 R0 #0
(30D3) 1860  0001100001100000 ( 239)                 ADD   R4 R1 #0
(30D4) 993F  1001100100111111 ( 240)                 NOT   R4 R4
(30D5) 1921  0001100100100001 ( 241)                 ADD   R4 R4 #1
(30D6) 5B60  0101101101100000 ( 242)                 AND   R5 R5 #0
(30D7) 1B61  0001101101100001 ( 244) LOOP5           ADD   R5 R5 #1
(30D8) 16C4  0001011011000100 ( 245)                 ADD   R3 R3 R4
(30D9) 03FD  0000001111111101 ( 246)                 BRP   LOOP5
(30DA) 0402  0000010000000010 ( 247)                 BRZ   QUIT5
(30DB) 16C1  0001011011000001 ( 248)                 ADD   R3 R3 R1
(30DC) 1B7F  0001101101111111 ( 249)                 ADD   R5 R5 #-1
(30DD) C1C0  1100000111000000 ( 250) QUIT5           RET   
(30DE) 1620  0001011000100000 ( 255) NEGF            ADD   R3 R0 #0
(30DF) 96FF  1001011011111111 ( 256)                 NOT   R3 R3
(30E0) 16E1  0001011011100001 ( 257)                 ADD   R3 R3 #1
(30E1) 1860  0001100001100000 ( 258)                 ADD   R4 R1 #0
(30E2) 993F  1001100100111111 ( 259)                 NOT   R4 R4
(30E3) 1921  0001100100100001 ( 260)                 ADD   R4 R4 #1
(30E4) 5B60  0101101101100000 ( 261)                 AND   R5 R5 #0
(30E5) 1B61  0001101101100001 ( 263) LOOP6           ADD   R5 R5 #1
(30E6) 16C4  0001011011000100 ( 264)                 ADD   R3 R3 R4
(30E7) 03FD  0000001111111101 ( 265)                 BRP   LOOP6
(30E8) 0403  0000010000000011 ( 266)                 BRZ   QUIT6
(30E9) 96FF  1001011011111111 ( 267)                 NOT   R3 R3
(30EA) 16E1  0001011011100001 ( 268)                 ADD   R3 R3 #1
(30EB) 1B7F  0001101101111111 ( 269)                 ADD   R5 R5 #-1
(30EC) C1C0  1100000111000000 ( 270) QUIT6           RET   
