(0000) 3000  0011000000000000 (  16)                 .ORIG x3000
(3000) E013  1110000000010011 (  17) RESTART         LEA   R0 PROMPT
(3001) F022  1111000000100010 (  18)                 TRAP  x22
(3002) F020  1111000000100000 (  19)                 TRAP  x20
(3003) 1620  0001011000100000 (  20)                 ADD   R3 R0 #0
(3004) 16F0  0001011011110000 (  21)                 ADD   R3 R3 #-16
(3005) 16F0  0001011011110000 (  22)                 ADD   R3 R3 #-16
(3006) 16F0  0001011011110000 (  23)                 ADD   R3 R3 #-16
(3007) 18FA  0001100011111010 (  24)                 ADD   R4 R3 #-6
(3008) 020A  0000001000001010 (  25)                 BRP   INVALID
(3009) E020  1110000000100000 (  26)                 LEA   R0 DAYS
(300A) 16E0  0001011011100000 (  27)                 ADD   R3 R3 #0
(300B) 0403  0000010000000011 (  28) LOOP            BRZ   DISPLAY
(300C) 102A  0001000000101010 (  29)                 ADD   R0 R0 #10
(300D) 16FF  0001011011111111 (  30)                 ADD   R3 R3 #-1
(300E) 0FFC  0000111111111100 (  31)                 BRNZP LOOP
(300F) F022  1111000000100010 (  33) DISPLAY         TRAP  x22
(3010) E06D  1110000001101101 (  35)                 LEA   R0 LF
(3011) F022  1111000000100010 (  36)                 TRAP  x22
(3012) 0FED  0000111111101101 (  38)                 BRNZP RESTART
(3013) F025  1111000000100101 (  40) INVALID         TRAP  x25
(3014) 0050  0000000001010000 (  42) PROMPT          .FILL x0050
(3015) 004C  0000000001001100 (  42)                 .FILL x004C
(3016) 0045  0000000001000101 (  42)                 .FILL x0045
(3017) 0041  0000000001000001 (  42)                 .FILL x0041
(3018) 0053  0000000001010011 (  42)                 .FILL x0053
(3019) 0045  0000000001000101 (  42)                 .FILL x0045
(301A) 0020  0000000000100000 (  42)                 .FILL x0020
(301B) 0045  0000000001000101 (  42)                 .FILL x0045
(301C) 004E  0000000001001110 (  42)                 .FILL x004E
(301D) 0054  0000000001010100 (  42)                 .FILL x0054
(301E) 0045  0000000001000101 (  42)                 .FILL x0045
(301F) 0052  0000000001010010 (  42)                 .FILL x0052
(3020) 0020  0000000000100000 (  42)                 .FILL x0020
(3021) 004E  0000000001001110 (  42)                 .FILL x004E
(3022) 0055  0000000001010101 (  42)                 .FILL x0055
(3023) 004D  0000000001001101 (  42)                 .FILL x004D
(3024) 0042  0000000001000010 (  42)                 .FILL x0042
(3025) 0045  0000000001000101 (  42)                 .FILL x0045
(3026) 0052  0000000001010010 (  42)                 .FILL x0052
(3027) 003A  0000000000111010 (  42)                 .FILL x003A
(3028) 0020  0000000000100000 (  42)                 .FILL x0020
(3029) 0000  0000000000000000 (  42)                 .FILL x0000
(302A) 0053  0000000001010011 (  44) DAYS            .FILL x0053
(302B) 0075  0000000001110101 (  44)                 .FILL x0075
(302C) 006E  0000000001101110 (  44)                 .FILL x006E
(302D) 0064  0000000001100100 (  44)                 .FILL x0064
(302E) 0061  0000000001100001 (  44)                 .FILL x0061
(302F) 0079  0000000001111001 (  44)                 .FILL x0079
(3030) 0020  0000000000100000 (  44)                 .FILL x0020
(3031) 0020  0000000000100000 (  44)                 .FILL x0020
(3032) 0020  0000000000100000 (  44)                 .FILL x0020
(3033) 0000  0000000000000000 (  44)                 .FILL x0000
(3034) 004D  0000000001001101 (  45)                 .FILL x004D
(3035) 006F  0000000001101111 (  45)                 .FILL x006F
(3036) 006E  0000000001101110 (  45)                 .FILL x006E
(3037) 0064  0000000001100100 (  45)                 .FILL x0064
(3038) 0061  0000000001100001 (  45)                 .FILL x0061
(3039) 0079  0000000001111001 (  45)                 .FILL x0079
(303A) 0020  0000000000100000 (  45)                 .FILL x0020
(303B) 0020  0000000000100000 (  45)                 .FILL x0020
(303C) 0020  0000000000100000 (  45)                 .FILL x0020
(303D) 0000  0000000000000000 (  45)                 .FILL x0000
(303E) 0054  0000000001010100 (  46)                 .FILL x0054
(303F) 0075  0000000001110101 (  46)                 .FILL x0075
(3040) 0065  0000000001100101 (  46)                 .FILL x0065
(3041) 0073  0000000001110011 (  46)                 .FILL x0073
(3042) 0064  0000000001100100 (  46)                 .FILL x0064
(3043) 0061  0000000001100001 (  46)                 .FILL x0061
(3044) 0079  0000000001111001 (  46)                 .FILL x0079
(3045) 0020  0000000000100000 (  46)                 .FILL x0020
(3046) 0020  0000000000100000 (  46)                 .FILL x0020
(3047) 0000  0000000000000000 (  46)                 .FILL x0000
(3048) 0057  0000000001010111 (  47)                 .FILL x0057
(3049) 0065  0000000001100101 (  47)                 .FILL x0065
(304A) 0064  0000000001100100 (  47)                 .FILL x0064
(304B) 006E  0000000001101110 (  47)                 .FILL x006E
(304C) 0065  0000000001100101 (  47)                 .FILL x0065
(304D) 0073  0000000001110011 (  47)                 .FILL x0073
(304E) 0064  0000000001100100 (  47)                 .FILL x0064
(304F) 0061  0000000001100001 (  47)                 .FILL x0061
(3050) 0079  0000000001111001 (  47)                 .FILL x0079
(3051) 0000  0000000000000000 (  47)                 .FILL x0000
(3052) 0054  0000000001010100 (  48)                 .FILL x0054
(3053) 0068  0000000001101000 (  48)                 .FILL x0068
(3054) 0075  0000000001110101 (  48)                 .FILL x0075
(3055) 0072  0000000001110010 (  48)                 .FILL x0072
(3056) 0073  0000000001110011 (  48)                 .FILL x0073
(3057) 0064  0000000001100100 (  48)                 .FILL x0064
(3058) 0061  0000000001100001 (  48)                 .FILL x0061
(3059) 0079  0000000001111001 (  48)                 .FILL x0079
(305A) 0020  0000000000100000 (  48)                 .FILL x0020
(305B) 0000  0000000000000000 (  48)                 .FILL x0000
(305C) 0046  0000000001000110 (  49)                 .FILL x0046
(305D) 0072  0000000001110010 (  49)                 .FILL x0072
(305E) 0069  0000000001101001 (  49)                 .FILL x0069
(305F) 0064  0000000001100100 (  49)                 .FILL x0064
(3060) 0061  0000000001100001 (  49)                 .FILL x0061
(3061) 0079  0000000001111001 (  49)                 .FILL x0079
(3062) 0020  0000000000100000 (  49)                 .FILL x0020
(3063) 0020  0000000000100000 (  49)                 .FILL x0020
(3064) 0020  0000000000100000 (  49)                 .FILL x0020
(3065) 0000  0000000000000000 (  49)                 .FILL x0000
(3066) 0053  0000000001010011 (  50)                 .FILL x0053
(3067) 0061  0000000001100001 (  50)                 .FILL x0061
(3068) 0074  0000000001110100 (  50)                 .FILL x0074
(3069) 0075  0000000001110101 (  50)                 .FILL x0075
(306A) 0072  0000000001110010 (  50)                 .FILL x0072
(306B) 0064  0000000001100100 (  50)                 .FILL x0064
(306C) 0061  0000000001100001 (  50)                 .FILL x0061
(306D) 0079  0000000001111001 (  50)                 .FILL x0079
(306E) 0020  0000000000100000 (  50)                 .FILL x0020
(306F) 0000  0000000000000000 (  50)                 .FILL x0000
(3070) 0049  0000000001001001 (  51)                 .FILL x0049
(3071) 004E  0000000001001110 (  51)                 .FILL x004E
(3072) 0056  0000000001010110 (  51)                 .FILL x0056
(3073) 0041  0000000001000001 (  51)                 .FILL x0041
(3074) 004C  0000000001001100 (  51)                 .FILL x004C
(3075) 0049  0000000001001001 (  51)                 .FILL x0049
(3076) 0044  0000000001000100 (  51)                 .FILL x0044
(3077) 0020  0000000000100000 (  51)                 .FILL x0020
(3078) 0049  0000000001001001 (  51)                 .FILL x0049
(3079) 004E  0000000001001110 (  51)                 .FILL x004E
(307A) 0050  0000000001010000 (  51)                 .FILL x0050
(307B) 0055  0000000001010101 (  51)                 .FILL x0055
(307C) 0054  0000000001010100 (  51)                 .FILL x0054
(307D) 0000  0000000000000000 (  51)                 .FILL x0000
(307E) 000A  0000000000001010 (  52) LF              .FILL x000A
