(0000) 3000  0011000000000000 (   8)                 .ORIG x3000
(3000) A207  1010001000000111 (   9)                 LDI   R1 X
(3001) A407  1010010000000111 (  10)                 LDI   R2 Y
(3002) 480A  0100100000001010 (  12)                 JSR   MULT
(3003) B606  1011011000000110 (  13)                 STI   R3 XY
(3004) 4821  0100100000100001 (  14)                 JSR   DIV
(3005) BA05  1011101000000101 (  15)                 STI   R5 QUOT
(3006) B605  1011011000000101 (  16)                 STI   R3 R
(3007) F025  1111000000100101 (  17)                 TRAP  x25
(3008) 3100  0011000100000000 (  19) X               .FILL x3100
(3009) 3101  0011000100000001 (  20) Y               .FILL x3101
(300A) 3102  0011000100000010 (  21) XY              .FILL x3102
(300B) 3103  0011000100000011 (  22) QUOT            .FILL x3103
(300C) 3104  0011000100000100 (  23) R               .FILL x3104
(300D) 3A16  0011101000010110 (  26) MULT            ST    R5 SaveReg5
(300E) 3C16  0011110000010110 (  27)                 ST    R6 SaveReg6
(300F) 18A0  0001100010100000 (  29)                 ADD   R4 R2 #0
(3010) 993F  1001100100111111 (  30)                 NOT   R4 R4
(3011) 1921  0001100100100001 (  31)                 ADD   R4 R4 #1
(3012) 0206  0000001000000110 (  33)                 BRP   POSLOOP
(3013) 1D44  0001110101000100 (  35) LOOP            ADD   R6 R5 R4
(3014) 0603  0000011000000011 (  36)                 BRZP  QUIT1
(3015) 1B61  0001101101100001 (  37)                 ADD   R5 R5 #1
(3016) 16C1  0001011011000001 (  38)                 ADD   R3 R3 R1
(3017) 0FFB  0000111111111011 (  39)                 BRNZP LOOP
(3018) C1C0  1100000111000000 (  40) QUIT1           RET   
(3019) 1920  0001100100100000 (  43) POSLOOP         ADD   R4 R4 #0
(301A) 1D44  0001110101000100 (  44) LOOP2           ADD   R6 R5 R4
(301B) 0403  0000010000000011 (  45)                 BRZ   QUIT2
(301C) 1B61  0001101101100001 (  46)                 ADD   R5 R5 #1
(301D) 16C1  0001011011000001 (  47)                 ADD   R3 R3 R1
(301E) 0FFB  0000111111111011 (  48)                 BRNZP LOOP2
(301F) 96FF  1001011011111111 (  49) QUIT2           NOT   R3 R3
(3020) 16E1  0001011011100001 (  50)                 ADD   R3 R3 #1
(3021) 2A02  0010101000000010 (  52)                 LD    R5 SaveReg5
(3022) 2C02  0010110000000010 (  53)                 LD    R6 SaveReg6
(3023) C1C0  1100000111000000 (  54)                 RET   
(3024) 0000  0000000000000000 (  55) SaveReg5        .FILL x0000
(3025) 0000  0000000000000000 (  56) SaveReg6        .FILL x0000
(3026) 14A0  0001010010100000 (  60) DIV             ADD   R2 R2 #0
(3027) 040F  0000010000001111 (  61)                 BRZ   QUIT3
(3028) 1CA0  0001110010100000 (  62)                 ADD   R6 R2 #0
(3029) 5B60  0101101101100000 (  63)                 AND   R5 R5 #0
(302A) 1660  0001011001100000 (  64)                 ADD   R3 R1 #0
(302B) 18A0  0001100010100000 (  65)                 ADD   R4 R2 #0
(302C) 993F  1001100100111111 (  66)                 NOT   R4 R4
(302D) 1921  0001100100100001 (  67)                 ADD   R4 R4 #1
(302E) 10C4  0001000011000100 (  68)                 ADD   R0 R3 R4
(302F) 09EF  0000100111101111 (  69)                 BRN   QUIT2
(3030) 1B61  0001101101100001 (  70) LOOP3           ADD   R5 R5 #1
(3031) 16C4  0001011011000100 (  71)                 ADD   R3 R3 R4
(3032) 03FD  0000001111111101 (  72)                 BRP   LOOP3
(3033) 0403  0000010000000011 (  73)                 BRZ   QUIT3
(3034) 16C6  0001011011000110 (  74)                 ADD   R3 R3 R6
(3035) 1B7F  0001101101111111 (  75)                 ADD   R5 R5 #-1
(3036) 0E00  0000111000000000 (  76)                 BRNZP QUIT3
(3037) C1C0  1100000111000000 (  77) QUIT3           RET   
